app/build/intermediates/manifest_merge_blame_file/debug/manifest-merger-blame-debug-report.txt
1<?xml version="1.0" encoding="utf-8"?>
2<manifest xmlns:android="http://schemas.android.com/apk/res/android"
3    package="com.CawCawStudio"
4    android:versionCode="1"
5    android:versionName="1.0" >
6
7    <uses-sdk
8        android:minSdkVersion="26"
8-->src\main\AndroidManifest.xml
9        android:targetSdkVersion="32" />
9-->src\main\AndroidManifest.xml
10
11    <uses-permission android:name="android.permission.INTERNET" />
11-->src\main\AndroidManifest.xml:6:5-67
11-->src\main\AndroidManifest.xml:6:22-64
12
13    <application
13-->src\main\AndroidManifest.xml:8:5-63:19
14        android:allowBackup="true"
14-->src\main\AndroidManifest.xml:9:9-35
15        android:appComponentFactory="androidx.core.app.CoreComponentFactory"
15-->[androidx.core:core:1.8.0] AndroidManifest.xml:24:18-86
16        android:debuggable="true"
17        android:extractNativeLibs="false"
18        android:icon="@mipmap/ic_launcher"
18-->src\main\AndroidManifest.xml:10:9-43
19        android:label="Monopoly"
19-->src\main\AndroidManifest.xml:11:9-33
20        android:roundIcon="@mipmap/ic_launcher_round"
20-->src\main\AndroidManifest.xml:12:9-54
21        android:supportsRtl="true"
21-->src\main\AndroidManifest.xml:13:9-35
22        android:testOnly="true"
23        android:theme="@android:style/Theme.Black.NoTitleBar" >
23-->src\main\AndroidManifest.xml:14:9-62
24        <activity
24-->src\main\AndroidManifest.xml:17:9-20:15
25            android:name="com.CawCawStudio.Menu.MenuActivity"
25-->src\main\AndroidManifest.xml:18:13-46
26            android:theme="@style/Theme.AppCompat.NoActionBar" />
26-->src\main\AndroidManifest.xml:19:13-63
27        <activity
27-->src\main\AndroidManifest.xml:21:9-24:15
28            android:name="com.CawCawStudio.GameMode.GameModeActivity"
28-->src\main\AndroidManifest.xml:22:13-54
29            android:theme="@style/Theme.AppCompat.NoActionBar" />
29-->src\main\AndroidManifest.xml:23:13-63
30        <activity
30-->src\main\AndroidManifest.xml:25:9-28:15
31            android:name="com.CawCawStudio.GameMode.RoomSettingsBotActivity"
31-->src\main\AndroidManifest.xml:26:13-61
32            android:theme="@style/Theme.AppCompat.NoActionBar" />
32-->src\main\AndroidManifest.xml:27:13-63
33        <activity
33-->src\main\AndroidManifest.xml:29:9-32:15
34            android:name="com.CawCawStudio.GameMode.RoomSettingsPlayerActivity"
34-->src\main\AndroidManifest.xml:30:13-64
35            android:theme="@style/Theme.AppCompat.NoActionBar" />
35-->src\main\AndroidManifest.xml:31:13-63
36        <activity
36-->src\main\AndroidManifest.xml:35:9-47:20
37            android:name="com.CawCawStudio.Game.GameActivity"
37-->src\main\AndroidManifest.xml:36:13-46
38            android:exported="true"
38-->src\main\AndroidManifest.xml:37:13-36
39            android:screenOrientation="landscape"
39-->src\main\AndroidManifest.xml:38:13-50
40            android:theme="@style/Theme.AppCompat.Light.NoActionBar.FullScreen" >
40-->src\main\AndroidManifest.xml:39:13-80
41            <intent-filter>
41-->src\main\AndroidManifest.xml:42:13-46:29
42                <action android:name="android.intent.action.MAIN" />
42-->src\main\AndroidManifest.xml:43:17-69
42-->src\main\AndroidManifest.xml:43:25-66
43
44                <category android:name="android.intent.category.LAUNCHER" />
44-->src\main\AndroidManifest.xml:45:17-77
44-->src\main\AndroidManifest.xml:45:27-74
45            </intent-filter>
46        </activity>
47
48        <!--
49            <activity
50            android:name=".AuthChoice.AuthChoiceActivity"
51            android:exported="true"
52            android:theme="@style/Theme.AppCompat"
53            >
54
55            <intent-filter>
56                <action android:name="android.intent.action.MAIN" />
57
58                <category android:name="android.intent.category.LAUNCHER" />
59            </intent-filter>
60        </activity>
61        -->
62
63        <provider
63-->[androidx.emoji2:emoji2:1.2.0] AndroidManifest.xml:24:9-32:20
64            android:name="androidx.startup.InitializationProvider"
64-->[androidx.emoji2:emoji2:1.2.0] AndroidManifest.xml:25:13-67
65            android:authorities="com.CawCawStudio.androidx-startup"
65-->[androidx.emoji2:emoji2:1.2.0] AndroidManifest.xml:26:13-68
66            android:exported="false" >
66-->[androidx.emoji2:emoji2:1.2.0] AndroidManifest.xml:27:13-37
67            <meta-data
67-->[androidx.emoji2:emoji2:1.2.0] AndroidManifest.xml:29:13-31:52
68                android:name="androidx.emoji2.text.EmojiCompatInitializer"
68-->[androidx.emoji2:emoji2:1.2.0] AndroidManifest.xml:30:17-75
69                android:value="androidx.startup" />
69-->[androidx.emoji2:emoji2:1.2.0] AndroidManifest.xml:31:17-49
70            <meta-data
70-->[androidx.lifecycle:lifecycle-process:2.4.1] AndroidManifest.xml:31:13-33:52
71                android:name="androidx.lifecycle.ProcessLifecycleInitializer"
71-->[androidx.lifecycle:lifecycle-process:2.4.1] AndroidManifest.xml:32:17-78
72                android:value="androidx.startup" />
72-->[androidx.lifecycle:lifecycle-process:2.4.1] AndroidManifest.xml:33:17-49
73        </provider>
74
75        <uses-library
75-->[androidx.window:window:1.0.0] AndroidManifest.xml:25:9-27:40
76            android:name="androidx.window.extensions"
76-->[androidx.window:window:1.0.0] AndroidManifest.xml:26:13-54
77            android:required="false" />
77-->[androidx.window:window:1.0.0] AndroidManifest.xml:27:13-37
78        <uses-library
78-->[androidx.window:window:1.0.0] AndroidManifest.xml:28:9-30:40
79            android:name="androidx.window.sidecar"
79-->[androidx.window:window:1.0.0] AndroidManifest.xml:29:13-51
80            android:required="false" />
80-->[androidx.window:window:1.0.0] AndroidManifest.xml:30:13-37
81    </application>
82
83</manifest>